<?xml version="1.0" encoding="UTF-8"?>
<testng-results ignored="0" total="7" passed="6" failed="1" skipped="0">
  <reporter-output>
  </reporter-output>
  <suite started-at="2022-10-11T14:19:54 IST" name="Default suite" finished-at="2022-10-11T14:20:59 IST" duration-ms="64851">
    <groups>
    </groups>
    <test started-at="2022-10-11T14:19:54 IST" name="Default test" finished-at="2022-10-11T14:20:59 IST" duration-ms="64851">
      <class name="com.phase5.NewTest">
        <test-method is-config="true" signature="beforeClass()[pri:0, instance:com.phase5.NewTest@485966cc]" started-at="2022-10-11T14:19:54 IST" name="beforeClass" finished-at="2022-10-11T14:20:28 IST" duration-ms="33455" status="PASS">
          <reporter-output>
          </reporter-output>
        </test-method> <!-- beforeClass -->
        <test-method signature="closeLogin()[pri:1, instance:com.phase5.NewTest@485966cc]" started-at="2022-10-11T14:20:28 IST" name="closeLogin" finished-at="2022-10-11T14:20:30 IST" duration-ms="2384" status="PASS">
          <reporter-output>
          </reporter-output>
        </test-method> <!-- closeLogin -->
        <test-method signature="scroll()[pri:2, instance:com.phase5.NewTest@485966cc]" started-at="2022-10-11T14:20:30 IST" name="scroll" finished-at="2022-10-11T14:20:37 IST" duration-ms="6978" status="PASS">
          <reporter-output>
          </reporter-output>
        </test-method> <!-- scroll -->
        <test-method signature="searchProduct()[pri:3, instance:com.phase5.NewTest@485966cc]" started-at="2022-10-11T14:20:37 IST" name="searchProduct" finished-at="2022-10-11T14:20:40 IST" duration-ms="2231" status="FAIL">
          <exception class="org.openqa.selenium.InvalidSelectorException">
            <message>
              <![CDATA[invalid selector: An invalid or illegal selector was specified
  (Session info: chrome=105.0.5195.127)
For documentation on this error, please visit: https://selenium.dev/exceptions/#invalid_selector_exception
Build info: version: '4.1.2', revision: '9a5a329c5a'
System info: host: 'DESKTOP-THHJ88C', ip: '192.168.152.2', os.name: 'Windows 10', os.arch: 'amd64', os.version: '10.0', java.version: '17.0.3'
Driver info: org.openqa.selenium.chrome.ChromeDriver
Command: [8f478ea37ed09f5df79b7898ef5a96ae, findElement {using=css selector, value=#container > div > div.1kfTjk > div._1rH5Jn > div._2Xfa2 > div._1cmsER > form > div > button > svg}]
Capabilities {acceptInsecureCerts: false, browserName: chrome, browserVersion: 105.0.5195.127, chrome: {chromedriverVersion: 105.0.5195.52 (412c95e51883..., userDataDir: C:\Users\Hi\AppData\Local\T...}, goog:chromeOptions: {debuggerAddress: localhost:50987}, javascriptEnabled: true, networkConnectionEnabled: false, pageLoadStrategy: normal, platform: WINDOWS, platformName: WINDOWS, proxy: Proxy(), se:cdp: ws://localhost:50987/devtoo..., se:cdpVersion: 105.0.5195.127, setWindowRect: true, strictFileInteractability: false, timeouts: {implicit: 0, pageLoad: 300000, script: 30000}, unhandledPromptBehavior: dismiss and notify, webauthn:extension:credBlob: true, webauthn:extension:largeBlob: true, webauthn:virtualAuthenticators: true}
Session ID: 8f478ea37ed09f5df79b7898ef5a96ae]]>
            </message>
            <full-stacktrace>
              <![CDATA[org.openqa.selenium.InvalidSelectorException: invalid selector: An invalid or illegal selector was specified
  (Session info: chrome=105.0.5195.127)
For documentation on this error, please visit: https://selenium.dev/exceptions/#invalid_selector_exception
Build info: version: '4.1.2', revision: '9a5a329c5a'
System info: host: 'DESKTOP-THHJ88C', ip: '192.168.152.2', os.name: 'Windows 10', os.arch: 'amd64', os.version: '10.0', java.version: '17.0.3'
Driver info: org.openqa.selenium.chrome.ChromeDriver
Command: [8f478ea37ed09f5df79b7898ef5a96ae, findElement {using=css selector, value=#container > div > div.1kfTjk > div._1rH5Jn > div._2Xfa2 > div._1cmsER > form > div > button > svg}]
Capabilities {acceptInsecureCerts: false, browserName: chrome, browserVersion: 105.0.5195.127, chrome: {chromedriverVersion: 105.0.5195.52 (412c95e51883..., userDataDir: C:\Users\Hi\AppData\Local\T...}, goog:chromeOptions: {debuggerAddress: localhost:50987}, javascriptEnabled: true, networkConnectionEnabled: false, pageLoadStrategy: normal, platform: WINDOWS, platformName: WINDOWS, proxy: Proxy(), se:cdp: ws://localhost:50987/devtoo..., se:cdpVersion: 105.0.5195.127, setWindowRect: true, strictFileInteractability: false, timeouts: {implicit: 0, pageLoad: 300000, script: 30000}, unhandledPromptBehavior: dismiss and notify, webauthn:extension:credBlob: true, webauthn:extension:largeBlob: true, webauthn:virtualAuthenticators: true}
Session ID: 8f478ea37ed09f5df79b7898ef5a96ae
at java.base/jdk.internal.reflect.NativeConstructorAccessorImpl.newInstance0(Native Method)
at java.base/jdk.internal.reflect.NativeConstructorAccessorImpl.newInstance(NativeConstructorAccessorImpl.java:77)
at java.base/jdk.internal.reflect.DelegatingConstructorAccessorImpl.newInstance(DelegatingConstructorAccessorImpl.java:45)
at java.base/java.lang.reflect.Constructor.newInstanceWithCaller(Constructor.java:499)
at java.base/java.lang.reflect.Constructor.newInstance(Constructor.java:480)
at org.openqa.selenium.remote.codec.w3c.W3CHttpResponseCodec.createException(W3CHttpResponseCodec.java:200)
at org.openqa.selenium.remote.codec.w3c.W3CHttpResponseCodec.decode(W3CHttpResponseCodec.java:133)
at org.openqa.selenium.remote.codec.w3c.W3CHttpResponseCodec.decode(W3CHttpResponseCodec.java:53)
at org.openqa.selenium.remote.HttpCommandExecutor.execute(HttpCommandExecutor.java:184)
at org.openqa.selenium.remote.service.DriverCommandExecutor.invokeExecute(DriverCommandExecutor.java:167)
at org.openqa.selenium.remote.service.DriverCommandExecutor.execute(DriverCommandExecutor.java:142)
at org.openqa.selenium.remote.RemoteWebDriver.execute(RemoteWebDriver.java:558)
at org.openqa.selenium.remote.ElementLocation$ElementFinder$2.findElement(ElementLocation.java:162)
at org.openqa.selenium.remote.ElementLocation.findElement(ElementLocation.java:60)
at org.openqa.selenium.remote.RemoteWebDriver.findElement(RemoteWebDriver.java:382)
at org.openqa.selenium.remote.RemoteWebDriver.findElement(RemoteWebDriver.java:374)
at com.phase5.NewTest.searchProduct(NewTest.java:78)
at java.base/jdk.internal.reflect.NativeMethodAccessorImpl.invoke0(Native Method)
at java.base/jdk.internal.reflect.NativeMethodAccessorImpl.invoke(NativeMethodAccessorImpl.java:77)
at java.base/jdk.internal.reflect.DelegatingMethodAccessorImpl.invoke(DelegatingMethodAccessorImpl.java:43)
at java.base/java.lang.reflect.Method.invoke(Method.java:568)
at org.testng.internal.MethodInvocationHelper.invokeMethod(MethodInvocationHelper.java:133)
at org.testng.internal.TestInvoker.invokeMethod(TestInvoker.java:598)
at org.testng.internal.TestInvoker.invokeTestMethod(TestInvoker.java:173)
at org.testng.internal.MethodRunner.runInSequence(MethodRunner.java:46)
at org.testng.internal.TestInvoker$MethodInvocationAgent.invoke(TestInvoker.java:824)
at org.testng.internal.TestInvoker.invokeTestMethods(TestInvoker.java:146)
at org.testng.internal.TestMethodWorker.invokeTestMethods(TestMethodWorker.java:146)
at org.testng.internal.TestMethodWorker.run(TestMethodWorker.java:128)
at java.base/java.util.ArrayList.forEach(ArrayList.java:1511)
at org.testng.TestRunner.privateRun(TestRunner.java:794)
at org.testng.TestRunner.run(TestRunner.java:596)
at org.testng.SuiteRunner.runTest(SuiteRunner.java:377)
at org.testng.SuiteRunner.runSequentially(SuiteRunner.java:371)
at org.testng.SuiteRunner.privateRun(SuiteRunner.java:332)
at org.testng.SuiteRunner.run(SuiteRunner.java:276)
at org.testng.SuiteRunnerWorker.runSuite(SuiteRunnerWorker.java:53)
at org.testng.SuiteRunnerWorker.run(SuiteRunnerWorker.java:96)
at org.testng.TestNG.runSuitesSequentially(TestNG.java:1212)
at org.testng.TestNG.runSuitesLocally(TestNG.java:1134)
at org.testng.TestNG.runSuites(TestNG.java:1063)
at org.testng.TestNG.run(TestNG.java:1031)
at org.testng.remote.AbstractRemoteTestNG.run(AbstractRemoteTestNG.java:115)
at org.testng.remote.RemoteTestNG.initAndRun(RemoteTestNG.java:251)
at org.testng.remote.RemoteTestNG.main(RemoteTestNG.java:77)
]]>
            </full-stacktrace>
          </exception> <!-- org.openqa.selenium.InvalidSelectorException -->
          <reporter-output>
          </reporter-output>
        </test-method> <!-- searchProduct -->
        <test-method signature="loadImage()[pri:4, instance:com.phase5.NewTest@485966cc]" started-at="2022-10-11T14:20:40 IST" name="loadImage" finished-at="2022-10-11T14:20:48 IST" duration-ms="8706" status="PASS">
          <reporter-output>
          </reporter-output>
        </test-method> <!-- loadImage -->
        <test-method signature="scrollFrequency()[pri:5, instance:com.phase5.NewTest@485966cc]" started-at="2022-10-11T14:20:48 IST" name="scrollFrequency" finished-at="2022-10-11T14:20:51 IST" duration-ms="2635" status="PASS">
          <reporter-output>
          </reporter-output>
        </test-method> <!-- scrollFrequency -->
        <test-method signature="downloadImages()[pri:6, instance:com.phase5.NewTest@485966cc]" started-at="2022-10-11T14:20:51 IST" name="downloadImages" finished-at="2022-10-11T14:20:51 IST" duration-ms="375" status="PASS">
          <reporter-output>
          </reporter-output>
        </test-method> <!-- downloadImages -->
        <test-method signature="screenResolution()[pri:7, instance:com.phase5.NewTest@485966cc]" started-at="2022-10-11T14:20:51 IST" name="screenResolution" finished-at="2022-10-11T14:20:59 IST" duration-ms="7989" status="PASS">
          <reporter-output>
          </reporter-output>
        </test-method> <!-- screenResolution -->
        <test-method is-config="true" signature="afterClass()[pri:0, instance:com.phase5.NewTest@485966cc]" started-at="2022-10-11T14:20:59 IST" name="afterClass" finished-at="2022-10-11T14:20:59 IST" duration-ms="0" status="PASS">
          <reporter-output>
          </reporter-output>
        </test-method> <!-- afterClass -->
      </class> <!-- com.phase5.NewTest -->
    </test> <!-- Default test -->
  </suite> <!-- Default suite -->
</testng-results>
