<?xml version="1.0" encoding="UTF-8"?>
<!-- Generated by org.testng.reporters.JUnitXMLReporter -->
<testsuite ignored="0" hostname="DESKTOP-THHJ88C" failures="0" tests="7" name="Default test" time="73.925" errors="0" timestamp="2022-10-11T15:08:53 IST">
  <testcase classname="com.demo.FlipkartTestChrome" name="closeLogin" time="2.294"/>
  <testcase classname="com.demo.FlipkartTestChrome" name="scroll" time="7.003"/>
  <testcase classname="com.demo.FlipkartTestChrome" name="searchProduct" time="5.887"/>
  <testcase classname="com.demo.FlipkartTestChrome" name="loadImage" time="13.42"/>
  <testcase classname="com.demo.FlipkartTestChrome" name="scrollFrequency" time="2.557"/>
  <testcase classname="com.demo.FlipkartTestChrome" name="downloadImages" time="0.36"/>
  <testcase classname="com.demo.FlipkartTestChrome" name="screenResolution" time="8.057"/>
</testsuite> <!-- Default test -->
