<?xml version="1.0" encoding="UTF-8"?>
<testng-results ignored="0" total="8" passed="8" failed="0" skipped="0">
  <reporter-output>
  </reporter-output>
  <suite started-at="2022-09-27T11:35:42 IST" name="Suite" finished-at="2022-09-27T11:35:43 IST" duration-ms="136">
    <groups>
    </groups>
    <test started-at="2022-09-27T11:35:42 IST" name="Test" finished-at="2022-09-27T11:35:43 IST" duration-ms="136">
      <class name="loanApplications.CarLoanApplicationTests">
        <test-method signature="carLoanLoginAPI()[pri:0, instance:loanApplications.CarLoanApplicationTests@e1de817]" started-at="2022-09-27T11:35:43 IST" name="carLoanLoginAPI" finished-at="2022-09-27T11:35:43 IST" duration-ms="5" status="PASS">
          <reporter-output>
          </reporter-output>
        </test-method> <!-- carLoanLoginAPI -->
        <test-method signature="carLoanLoginMobile()[pri:0, instance:loanApplications.CarLoanApplicationTests@e1de817]" started-at="2022-09-27T11:35:43 IST" name="carLoanLoginMobile" finished-at="2022-09-27T11:35:43 IST" duration-ms="2" status="PASS">
          <reporter-output>
          </reporter-output>
        </test-method> <!-- carLoanLoginMobile -->
        <test-method signature="carLoanLoginWeb()[pri:0, instance:loanApplications.CarLoanApplicationTests@e1de817]" started-at="2022-09-27T11:35:43 IST" name="carLoanLoginWeb" finished-at="2022-09-27T11:35:43 IST" duration-ms="9" status="PASS">
          <reporter-output>
          </reporter-output>
        </test-method> <!-- carLoanLoginWeb -->
      </class> <!-- loanApplications.CarLoanApplicationTests -->
      <class name="testpkg.sample2">
        <test-method signature="demo2()[pri:0, instance:testpkg.sample2@5939a379]" started-at="2022-09-27T11:35:42 IST" name="demo2" finished-at="2022-09-27T11:35:43 IST" duration-ms="3" status="PASS">
          <reporter-output>
          </reporter-output>
        </test-method> <!-- demo2 -->
      </class> <!-- testpkg.sample2 -->
      <class name="testpkg.sample1">
        <test-method signature="demo()[pri:0, instance:testpkg.sample1@609db43b]" started-at="2022-09-27T11:35:42 IST" name="demo" finished-at="2022-09-27T11:35:42 IST" duration-ms="11" status="PASS">
          <reporter-output>
          </reporter-output>
        </test-method> <!-- demo -->
      </class> <!-- testpkg.sample1 -->
      <class name="loanApplications.HomeLoanApplicationTests">
        <test-method signature="HomeLoanLoginAPI()[pri:0, instance:loanApplications.HomeLoanApplicationTests@2177849e]" started-at="2022-09-27T11:35:43 IST" name="HomeLoanLoginAPI" finished-at="2022-09-27T11:35:43 IST" duration-ms="5" status="PASS">
          <reporter-output>
          </reporter-output>
        </test-method> <!-- HomeLoanLoginAPI -->
        <test-method signature="HomeLoanLoginMobile()[pri:0, instance:loanApplications.HomeLoanApplicationTests@2177849e]" started-at="2022-09-27T11:35:43 IST" name="HomeLoanLoginMobile" finished-at="2022-09-27T11:35:43 IST" duration-ms="3" status="PASS">
          <reporter-output>
          </reporter-output>
        </test-method> <!-- HomeLoanLoginMobile -->
        <test-method signature="HomeLoanLoginWeb()[pri:0, instance:loanApplications.HomeLoanApplicationTests@2177849e]" started-at="2022-09-27T11:35:43 IST" name="HomeLoanLoginWeb" finished-at="2022-09-27T11:35:43 IST" duration-ms="3" status="PASS">
          <reporter-output>
          </reporter-output>
        </test-method> <!-- HomeLoanLoginWeb -->
      </class> <!-- loanApplications.HomeLoanApplicationTests -->
    </test> <!-- Test -->
  </suite> <!-- Suite -->
</testng-results>
