<?xml version="1.0" encoding="UTF-8"?>
<!-- Generated by org.testng.reporters.JUnitXMLReporter -->
<testsuite ignored="0" hostname="DESKTOP-THHJ88C" failures="0" tests="8" name="Test" time="0.136" errors="0" timestamp="2022-09-27T11:35:43 IST">
  <testcase classname="testpkg.sample1" name="demo" time="0.011"/>
  <testcase classname="testpkg.sample2" name="demo2" time="0.003"/>
  <testcase classname="loanApplications.CarLoanApplicationTests" name="carLoanLoginAPI" time="0.005"/>
  <testcase classname="loanApplications.CarLoanApplicationTests" name="carLoanLoginMobile" time="0.002"/>
  <testcase classname="loanApplications.CarLoanApplicationTests" name="carLoanLoginWeb" time="0.009"/>
  <testcase classname="loanApplications.HomeLoanApplicationTests" name="HomeLoanLoginAPI" time="0.005"/>
  <testcase classname="loanApplications.HomeLoanApplicationTests" name="HomeLoanLoginMobile" time="0.003"/>
  <testcase classname="loanApplications.HomeLoanApplicationTests" name="HomeLoanLoginWeb" time="0.003"/>
</testsuite> <!-- Test -->
